

Microchip MPLAB XC8 Assembler V2.31 build 20201012212115 
                                                                                               Wed Mar 31 05:55:58 2021

Microchip MPLAB XC8 C Compiler v2.31 (Free license) build 20201012212115 Og1 
     1                           	processor	18F27Q43
     2                           	fnconf	rparam,??,?,0
     3                           	pagewidth 120
     4                           	opt	flic
     5                           	psect	idataBANK6,global,class=CODE,delta=1,noexec
     6                           	psect	cinit,global,reloc=2,class=CODE,delta=1
     7                           	psect	bssCOMRAM,global,class=COMRAM,space=1,delta=1,lowdata,noexec
     8                           	psect	dataBANK6,global,class=BANK6,space=1,delta=1,lowdata,noexec
     9                           	psect	cstackCOMRAM,global,class=COMRAM,space=1,delta=1,lowdata,noexec
    10                           	psect	text0,global,reloc=2,class=CODE,delta=1
    11                           	psect	text1,global,reloc=2,class=CODE,delta=1
    12                           	psect	text2,global,reloc=2,class=CODE,delta=1
    13                           	psect	text3,global,reloc=2,class=CODE,delta=1
    14                           	psect	text4,global,reloc=2,class=CODE,delta=1
    15                           	psect	text5,global,reloc=2,class=CODE,delta=1
    16                           	psect	text6,global,reloc=2,class=CODE,delta=1
    17                           	psect	intsave_regs,global,class=BIGRAM,space=1,delta=1,noexec
    18                           	psect	rparam,global,class=COMRAM,space=1,delta=1,noexec
    19                           	psect	idloc,global,abs,ovrld,class=IDLOC,space=5,delta=1,noexec
    20                           	psect	config,global,abs,ovrld,class=CONFIG,space=4,delta=1,noexec
    21  0000                     
    22                           ; Version 2.30
    23                           ; Generated 20/08/2020 GMT
    24                           ; 
    25                           ; Copyright © 2020, Microchip Technology Inc. and its subsidiaries ("Microchip")
    26                           ; All rights reserved.
    27                           ; 
    28                           ; This software is developed by Microchip Technology Inc. and its subsidiaries ("Microch
      +                          ip").
    29                           ; 
    30                           ; Redistribution and use in source and binary forms, with or without modification, are
    31                           ; permitted provided that the following conditions are met:
    32                           ; 
    33                           ;     1. Redistributions of source code must retain the above copyright notice, this lis
      +                          t of
    34                           ;        conditions and the following disclaimer.
    35                           ; 
    36                           ;     2. Redistributions in binary form must reproduce the above copyright notice, this 
      +                          list
    37                           ;        of conditions and the following disclaimer in the documentation and/or other
    38                           ;        materials provided with the distribution. Publication is not required when
    39                           ;        this file is used in an embedded application.
    40                           ; 
    41                           ;     3. Microchip's name may not be used to endorse or promote products derived from th
      +                          is
    42                           ;        software without specific prior written permission.
    43                           ; 
    44                           ; THIS SOFTWARE IS PROVIDED BY MICROCHIP "AS IS" AND ANY EXPRESS OR IMPLIED WARRANTIES,
    45                           ; INCLUDING, BUT NOT LIMITED TO, THE IMPLIED WARRANTIES OF MERCHANTABILITY AND FITNESS F
      +                          OR
    46                           ; PURPOSE ARE DISCLAIMED.  IN NO EVENT SHALL MICROCHIP BE LIABLE FOR ANY DIRECT, INDIREC
      +                          T,
    47                           ; INCIDENTAL, SPECIAL, EXEMPLARY, OR CONSEQUENTIAL DAMAGES (INCLUDING BUT NOT LIMITED TO
    48                           ; PROCUREMENT OF SUBSTITUTE GOODS OR SERVICES; LOSS OF USE, DATA OR PROFITS; OR BUSINESS
    49                           ; INTERRUPTION) HOWSOEVER CAUSED AND ON ANY THEORY OF LIABILITY, WHETHER IN CONTRACT, ST
      +                          RICT
    50                           ; LIABILITY, OR TORT (INCLUDING NEGLIGENCE OR OTHERWISE) ARISING IN ANY WAY OUT OF THE U
      +                          SE OF
    51                           ; THIS SOFTWARE, EVEN IF ADVISED OF THE POSSIBILITY OF SUCH DAMAGE.
    52                           ; 
    53                           ; 
    54                           ; Code-generator required, PIC18F27Q43 Definitions
    55                           ; 
    56                           ; SFR Addresses
    57  0000                     
    58                           	psect	idataBANK6
    59  01FEFC                     __pidataBANK6:
    60                           	callstack 0
    61                           
    62                           ;initializer for _UserApp_au8sinTable
    63  01FEFC  80                 	db	128
    64  01FEFD  83                 	db	131
    65  01FEFE  86                 	db	134
    66  01FEFF  89                 	db	137
    67  01FF00  8C                 	db	140
    68  01FF01  8F                 	db	143
    69  01FF02  92                 	db	146
    70  01FF03  95                 	db	149
    71  01FF04  98                 	db	152
    72  01FF05  9B                 	db	155
    73  01FF06  9E                 	db	158
    74  01FF07  A2                 	db	162
    75  01FF08  A5                 	db	165
    76  01FF09  A7                 	db	167
    77  01FF0A  AA                 	db	170
    78  01FF0B  AD                 	db	173
    79  01FF0C  B0                 	db	176
    80  01FF0D  B3                 	db	179
    81  01FF0E  B6                 	db	182
    82  01FF0F  B9                 	db	185
    83  01FF10  BC                 	db	188
    84  01FF11  BE                 	db	190
    85  01FF12  C1                 	db	193
    86  01FF13  C4                 	db	196
    87  01FF14  C6                 	db	198
    88  01FF15  C9                 	db	201
    89  01FF16  CB                 	db	203
    90  01FF17  CE                 	db	206
    91  01FF18  D0                 	db	208
    92  01FF19  D3                 	db	211
    93  01FF1A  D5                 	db	213
    94  01FF1B  D7                 	db	215
    95  01FF1C  DA                 	db	218
    96  01FF1D  DC                 	db	220
    97  01FF1E  DE                 	db	222
    98  01FF1F  E0                 	db	224
    99  01FF20  E2                 	db	226
   100  01FF21  E4                 	db	228
   101  01FF22  E6                 	db	230
   102  01FF23  E8                 	db	232
   103  01FF24  EA                 	db	234
   104  01FF25  EB                 	db	235
   105  01FF26  ED                 	db	237
   106  01FF27  EE                 	db	238
   107  01FF28  F0                 	db	240
   108  01FF29  F1                 	db	241
   109  01FF2A  F3                 	db	243
   110  01FF2B  F4                 	db	244
   111  01FF2C  F5                 	db	245
   112  01FF2D  F6                 	db	246
   113  01FF2E  F8                 	db	248
   114  01FF2F  F9                 	db	249
   115  01FF30  FA                 	db	250
   116  01FF31  FA                 	db	250
   117  01FF32  FB                 	db	251
   118  01FF33  FC                 	db	252
   119  01FF34  FD                 	db	253
   120  01FF35  FD                 	db	253
   121  01FF36  FE                 	db	254
   122  01FF37  FE                 	db	254
   123  01FF38  FE                 	db	254
   124  01FF39  FF                 	db	255
   125  01FF3A  FF                 	db	255
   126  01FF3B  FF                 	db	255
   127  01FF3C  FF                 	db	255
   128  01FF3D  FF                 	db	255
   129  01FF3E  FF                 	db	255
   130  01FF3F  FF                 	db	255
   131  01FF40  FE                 	db	254
   132  01FF41  FE                 	db	254
   133  01FF42  FE                 	db	254
   134  01FF43  FD                 	db	253
   135  01FF44  FD                 	db	253
   136  01FF45  FC                 	db	252
   137  01FF46  FB                 	db	251
   138  01FF47  FA                 	db	250
   139  01FF48  FA                 	db	250
   140  01FF49  F9                 	db	249
   141  01FF4A  F8                 	db	248
   142  01FF4B  F6                 	db	246
   143  01FF4C  F5                 	db	245
   144  01FF4D  F4                 	db	244
   145  01FF4E  F3                 	db	243
   146  01FF4F  F1                 	db	241
   147  01FF50  F0                 	db	240
   148  01FF51  EE                 	db	238
   149  01FF52  ED                 	db	237
   150  01FF53  EB                 	db	235
   151  01FF54  EA                 	db	234
   152  01FF55  E8                 	db	232
   153  01FF56  E6                 	db	230
   154  01FF57  E4                 	db	228
   155  01FF58  E2                 	db	226
   156  01FF59  E0                 	db	224
   157  01FF5A  DE                 	db	222
   158  01FF5B  DC                 	db	220
   159  01FF5C  DA                 	db	218
   160  01FF5D  D7                 	db	215
   161  01FF5E  D5                 	db	213
   162  01FF5F  D3                 	db	211
   163  01FF60  D0                 	db	208
   164  01FF61  CE                 	db	206
   165  01FF62  CB                 	db	203
   166  01FF63  C9                 	db	201
   167  01FF64  C6                 	db	198
   168  01FF65  C4                 	db	196
   169  01FF66  C1                 	db	193
   170  01FF67  BE                 	db	190
   171  01FF68  BC                 	db	188
   172  01FF69  B9                 	db	185
   173  01FF6A  B6                 	db	182
   174  01FF6B  B3                 	db	179
   175  01FF6C  B0                 	db	176
   176  01FF6D  AD                 	db	173
   177  01FF6E  AA                 	db	170
   178  01FF6F  A7                 	db	167
   179  01FF70  A5                 	db	165
   180  01FF71  A2                 	db	162
   181  01FF72  9E                 	db	158
   182  01FF73  9B                 	db	155
   183  01FF74  98                 	db	152
   184  01FF75  95                 	db	149
   185  01FF76  92                 	db	146
   186  01FF77  8F                 	db	143
   187  01FF78  8C                 	db	140
   188  01FF79  89                 	db	137
   189  01FF7A  86                 	db	134
   190  01FF7B  83                 	db	131
   191  01FF7C  80                 	db	128
   192  01FF7D  7C                 	db	124
   193  01FF7E  79                 	db	121
   194  01FF7F  76                 	db	118
   195  01FF80  73                 	db	115
   196  01FF81  70                 	db	112
   197  01FF82  6D                 	db	109
   198  01FF83  6A                 	db	106
   199  01FF84  67                 	db	103
   200  01FF85  64                 	db	100
   201  01FF86  61                 	db	97
   202  01FF87  5D                 	db	93
   203  01FF88  5A                 	db	90
   204  01FF89  58                 	db	88
   205  01FF8A  55                 	db	85
   206  01FF8B  52                 	db	82
   207  01FF8C  4F                 	db	79
   208  01FF8D  4C                 	db	76
   209  01FF8E  49                 	db	73
   210  01FF8F  46                 	db	70
   211  01FF90  43                 	db	67
   212  01FF91  41                 	db	65
   213  01FF92  3E                 	db	62
   214  01FF93  3B                 	db	59
   215  01FF94  39                 	db	57
   216  01FF95  36                 	db	54
   217  01FF96  34                 	db	52
   218  01FF97  31                 	db	49
   219  01FF98  2F                 	db	47
   220  01FF99  2C                 	db	44
   221  01FF9A  2A                 	db	42
   222  01FF9B  28                 	db	40
   223  01FF9C  25                 	db	37
   224  01FF9D  23                 	db	35
   225  01FF9E  21                 	db	33
   226  01FF9F  1F                 	db	31
   227  01FFA0  1D                 	db	29
   228  01FFA1  1B                 	db	27
   229  01FFA2  19                 	db	25
   230  01FFA3  17                 	db	23
   231  01FFA4  15                 	db	21
   232  01FFA5  14                 	db	20
   233  01FFA6  12                 	db	18
   234  01FFA7  11                 	db	17
   235  01FFA8  0F                 	db	15
   236  01FFA9  0E                 	db	14
   237  01FFAA  0C                 	db	12
   238  01FFAB  0B                 	db	11
   239  01FFAC  0A                 	db	10
   240  01FFAD  09                 	db	9
   241  01FFAE  07                 	db	7
   242  01FFAF  06                 	db	6
   243  01FFB0  05                 	db	5
   244  01FFB1  05                 	db	5
   245  01FFB2  04                 	db	4
   246  01FFB3  03                 	db	3
   247  01FFB4  02                 	db	2
   248  01FFB5  02                 	db	2
   249  01FFB6  01                 	db	1
   250  01FFB7  01                 	db	1
   251  01FFB8  01                 	db	1
   252  01FFB9  00                 	db	0
   253  01FFBA  00                 	db	0
   254  01FFBB  00                 	db	0
   255  01FFBC  00                 	db	0
   256  01FFBD  00                 	db	0
   257  01FFBE  00                 	db	0
   258  01FFBF  00                 	db	0
   259  01FFC0  01                 	db	1
   260  01FFC1  01                 	db	1
   261  01FFC2  01                 	db	1
   262  01FFC3  02                 	db	2
   263  01FFC4  02                 	db	2
   264  01FFC5  03                 	db	3
   265  01FFC6  04                 	db	4
   266  01FFC7  05                 	db	5
   267  01FFC8  05                 	db	5
   268  01FFC9  06                 	db	6
   269  01FFCA  07                 	db	7
   270  01FFCB  09                 	db	9
   271  01FFCC  0A                 	db	10
   272  01FFCD  0B                 	db	11
   273  01FFCE  0C                 	db	12
   274  01FFCF  0E                 	db	14
   275  01FFD0  0F                 	db	15
   276  01FFD1  11                 	db	17
   277  01FFD2  12                 	db	18
   278  01FFD3  14                 	db	20
   279  01FFD4  15                 	db	21
   280  01FFD5  17                 	db	23
   281  01FFD6  19                 	db	25
   282  01FFD7  1B                 	db	27
   283  01FFD8  1D                 	db	29
   284  01FFD9  1F                 	db	31
   285  01FFDA  21                 	db	33
   286  01FFDB  23                 	db	35
   287  01FFDC  25                 	db	37
   288  01FFDD  28                 	db	40
   289  01FFDE  2A                 	db	42
   290  01FFDF  2C                 	db	44
   291  01FFE0  2F                 	db	47
   292  01FFE1  31                 	db	49
   293  01FFE2  34                 	db	52
   294  01FFE3  36                 	db	54
   295  01FFE4  39                 	db	57
   296  01FFE5  3B                 	db	59
   297  01FFE6  3E                 	db	62
   298  01FFE7  41                 	db	65
   299  01FFE8  43                 	db	67
   300  01FFE9  46                 	db	70
   301  01FFEA  49                 	db	73
   302  01FFEB  4C                 	db	76
   303  01FFEC  4F                 	db	79
   304  01FFED  52                 	db	82
   305  01FFEE  55                 	db	85
   306  01FFEF  58                 	db	88
   307  01FFF0  5A                 	db	90
   308  01FFF1  5D                 	db	93
   309  01FFF2  61                 	db	97
   310  01FFF3  64                 	db	100
   311  01FFF4  67                 	db	103
   312  01FFF5  6A                 	db	106
   313  01FFF6  6D                 	db	109
   314  01FFF7  70                 	db	112
   315  01FFF8  73                 	db	115
   316  01FFF9  76                 	db	118
   317  01FFFA  79                 	db	121
   318  01FFFB  7C                 	db	124
   319  0000                     _DAC1DATL	set	125
   320  0000                     _DAC1CON	set	127
   321  0000                     _TMR0L	set	792
   322  0000                     _TMR0H	set	793
   323  0000                     _T0CON1	set	795
   324  0000                     _T0CON0	set	794
   325  0000                     _ANSELA	set	1024
   326  0000                     _PIR3	set	1201
   327  0000                     _LATA	set	1214
   328  0000                     _TRISA	set	1222
   329                           
   330                           ; #config settings
   331                           
   332                           	psect	cinit
   333  01FE8E                     __pcinit:
   334                           	callstack 0
   335  01FE8E                     start_initialization:
   336                           	callstack 0
   337  01FE8E                     __initialization:
   338                           	callstack 0
   339                           
   340                           ; Initialize objects allocated to BANK6 (256 bytes)
   341                           ; load TBLPTR registers with __pidataBANK6
   342  01FE8E  0EFC               	movlw	low __pidataBANK6
   343  01FE90  6EF6               	movwf	tblptrl,c
   344  01FE92  0EFE               	movlw	high __pidataBANK6
   345  01FE94  6EF7               	movwf	tblptrh,c
   346  01FE96  0E01               	movlw	low (__pidataBANK6 shr (0+16))
   347  01FE98  6EF8               	movwf	tblptru,c
   348  01FE9A  EE01  F200         	lfsr	0,__pdataBANK6
   349  01FE9E  EE10 F100          	lfsr	1,256
   350  01FEA2                     copy_data0:
   351  01FEA2  0009               	tblrd		*+
   352  01FEA4  C4F5 F4EE          	movff	tablat,postinc0
   353  01FEA8  50E5               	movf	postdec1,w,c
   354  01FEAA  50E1               	movf	fsr1l,w,c
   355  01FEAC  E1FA               	bnz	copy_data0
   356  01FEAE  50E2               	movf	fsr1h,w,c
   357  01FEB0  E1F8               	bnz	copy_data0
   358                           
   359                           ; Clear objects allocated to COMRAM (14 bytes)
   360  01FEB2  EE01  F101         	lfsr	0,__pbssCOMRAM
   361  01FEB6  0E0E               	movlw	14
   362  01FEB8                     clear_0:
   363  01FEB8  6AEE               	clrf	postinc0,c
   364  01FEBA  06E8               	decf	wreg,f,c
   365  01FEBC  E1FD               	bnz	clear_0
   366  01FEBE                     end_of_initialization:
   367                           	callstack 0
   368  01FEBE                     __end_of__initialization:
   369                           	callstack 0
   370  01FEBE  0100               	movlb	0
   371  01FEC0  EF62  F0FF         	goto	_main	;jump to C main() function
   372                           
   373                           	psect	bssCOMRAM
   374  000501                     __pbssCOMRAM:
   375                           	callstack 0
   376  000501                     _G_u32SystemFlags:
   377                           	callstack 0
   378  000501                     	ds	4
   379  000505                     _G_u32SystemTime1s:
   380                           	callstack 0
   381  000505                     	ds	4
   382  000509                     _G_u32SystemTime1ms:
   383                           	callstack 0
   384  000509                     	ds	4
   385  00050D                     UserAppRun@u8Index:
   386                           	callstack 0
   387  00050D                     	ds	1
   388  00050E                     _G_u8UserAppFlags:
   389                           	callstack 0
   390  00050E                     	ds	1
   391                           
   392                           	psect	dataBANK6
   393  000600                     __pdataBANK6:
   394                           	callstack 0
   395  000600                     	ds	256
   396                           
   397                           	psect	cstackCOMRAM
   398  00050F                     __pcstackCOMRAM:
   399                           	callstack 0
   400  00050F                     TimeXus@u16Microseconds:
   401                           	callstack 0
   402                           
   403                           ; 2 bytes @ 0x0
   404  00050F                     	ds	2
   405  000511                     ??_TimeXus:
   406                           
   407                           ; 1 bytes @ 0x2
   408  000511                     	ds	2
   409  000513                     
   410                           ; 1 bytes @ 0x4
   411 ;;
   412 ;;Main: autosize = 0, tempsize = 0, incstack = 0, save=0
   413 ;;
   414 ;; *************** function _main *****************
   415 ;; Defined at:
   416 ;;		line 35 in file "main.c"
   417 ;; Parameters:    Size  Location     Type
   418 ;;		None
   419 ;; Auto vars:     Size  Location     Type
   420 ;;		None
   421 ;; Return value:  Size  Location     Type
   422 ;;                  1    wreg      void 
   423 ;; Registers used:
   424 ;;		wreg, status,2, status,0, cstack
   425 ;; Tracked objects:
   426 ;;		On entry : 0/0
   427 ;;		On exit  : 0/0
   428 ;;		Unchanged: 0/0
   429 ;; Data sizes:     COMRAM   BANK5   BANK6   BANK7   BANK8   BANK9  BANK10  BANK11  BANK12  BANK13  BANK14  BANK15  BANK1
      +6  BANK17  BANK18  BANK19  BANK20  BANK21  BANK22  BANK23  BANK24  BANK25  BANK26  BANK27  BANK28  BANK29  BANK30  BANK3
      +1  BANK32  BANK33  BANK34  BANK35  BANK36  BANK37
   430 ;;      Params:         0       0       0       0       0       0       0       0       0       0       0       0       
      +0       0       0       0       0       0       0       0       0       0       0       0       0       0       0       
      +0       0       0       0       0       0       0
   431 ;;      Locals:         0       0       0       0       0       0       0       0       0       0       0       0       
      +0       0       0       0       0       0       0       0       0       0       0       0       0       0       0       
      +0       0       0       0       0       0       0
   432 ;;      Temps:          0       0       0       0       0       0       0       0       0       0       0       0       
      +0       0       0       0       0       0       0       0       0       0       0       0       0       0       0       
      +0       0       0       0       0       0       0
   433 ;;      Totals:         0       0       0       0       0       0       0       0       0       0       0       0       
      +0       0       0       0       0       0       0       0       0       0       0       0       0       0       0       
      +0       0       0       0       0       0       0
   434 ;;Total ram usage:        0 bytes
   435 ;; Hardware stack levels required when called:    1
   436 ;; This function calls:
   437 ;;		_ClockSetup
   438 ;;		_GpioSetup
   439 ;;		_SysTickSetup
   440 ;;		_TimeXus
   441 ;;		_UserAppInitialize
   442 ;;		_UserAppRun
   443 ;; This function is called by:
   444 ;;		Startup code after reset
   445 ;; This function uses a non-reentrant model
   446 ;;
   447                           
   448                           	psect	text0
   449  01FEC4                     __ptext0:
   450                           	callstack 0
   451  01FEC4                     _main:
   452                           	callstack 127
   453  01FEC4                     
   454                           ;main.c: 37:   G_u32SystemFlags |= (u32)0x80000000;
   455  01FEC4  8E04               	bsf	(_G_u32SystemFlags+3)^(0+1280),7,c	;volatile
   456  01FEC6                     
   457                           ;main.c: 40:   ClockSetup();
   458  01FEC6  EC0F  F0FF         	call	_ClockSetup	;wreg free
   459  01FECA                     
   460                           ;main.c: 41:   SysTickSetup();
   461  01FECA  EC25  F0FF         	call	_SysTickSetup	;wreg free
   462  01FECE                     
   463                           ;main.c: 42:   GpioSetup();
   464  01FECE  EC18  F0FF         	call	_GpioSetup	;wreg free
   465  01FED2                     
   466                           ;main.c: 47:   UserAppInitialize();
   467  01FED2  EC12  F0FF         	call	_UserAppInitialize	;wreg free
   468  01FED6                     l804:
   469                           
   470                           ;main.c: 53:   {;main.c: 57:       UserAppRun();
   471  01FED6  EC10  F0FF         	call	_UserAppRun	;wreg free
   472  01FEDA                     
   473                           ;main.c: 60:     TimeXus(2);
   474  01FEDA  0E00               	movlw	0
   475  01FEDC  6E10               	movwf	(TimeXus@u16Microseconds+1)^(0+1280),c
   476  01FEDE  0E02               	movlw	2
   477  01FEE0  6E0F               	movwf	TimeXus@u16Microseconds^(0+1280),c
   478  01FEE2  EC36  F0FF         	call	_TimeXus	;wreg free
   479  01FEE6                     l52:
   480                           
   481                           ;main.c: 61:     while( ( PIR3 & 0x80 ) == 0x00)
   482  01FEE6  AEB1               	btfss	177,7,c	;volatile
   483  01FEE8  EF78  F0FF         	goto	u21
   484  01FEEC  EF7A  F0FF         	goto	u20
   485  01FEF0                     u21:
   486  01FEF0  EF73  F0FF         	goto	l52
   487  01FEF4                     u20:
   488  01FEF4  EF6B  F0FF         	goto	l804
   489  01FEF8  EFFE  F0FF         	goto	start
   490  01FEFC                     __end_of_main:
   491                           	callstack 0
   492                           
   493 ;; *************** function _UserAppRun *****************
   494 ;; Defined at:
   495 ;;		line 117 in file "user_app.c"
   496 ;; Parameters:    Size  Location     Type
   497 ;;		None
   498 ;; Auto vars:     Size  Location     Type
   499 ;;		None
   500 ;; Return value:  Size  Location     Type
   501 ;;                  1    wreg      void 
   502 ;; Registers used:
   503 ;;		status,2, status,0
   504 ;; Tracked objects:
   505 ;;		On entry : 0/0
   506 ;;		On exit  : 0/0
   507 ;;		Unchanged: 0/0
   508 ;; Data sizes:     COMRAM   BANK5   BANK6   BANK7   BANK8   BANK9  BANK10  BANK11  BANK12  BANK13  BANK14  BANK15  BANK1
      +6  BANK17  BANK18  BANK19  BANK20  BANK21  BANK22  BANK23  BANK24  BANK25  BANK26  BANK27  BANK28  BANK29  BANK30  BANK3
      +1  BANK32  BANK33  BANK34  BANK35  BANK36  BANK37
   509 ;;      Params:         0       0       0       0       0       0       0       0       0       0       0       0       
      +0       0       0       0       0       0       0       0       0       0       0       0       0       0       0       
      +0       0       0       0       0       0       0
   510 ;;      Locals:         0       0       0       0       0       0       0       0       0       0       0       0       
      +0       0       0       0       0       0       0       0       0       0       0       0       0       0       0       
      +0       0       0       0       0       0       0
   511 ;;      Temps:          0       0       0       0       0       0       0       0       0       0       0       0       
      +0       0       0       0       0       0       0       0       0       0       0       0       0       0       0       
      +0       0       0       0       0       0       0
   512 ;;      Totals:         0       0       0       0       0       0       0       0       0       0       0       0       
      +0       0       0       0       0       0       0       0       0       0       0       0       0       0       0       
      +0       0       0       0       0       0       0
   513 ;;Total ram usage:        0 bytes
   514 ;; Hardware stack levels used:    1
   515 ;; This function calls:
   516 ;;		Nothing
   517 ;; This function is called by:
   518 ;;		_main
   519 ;; This function uses a non-reentrant model
   520 ;;
   521                           
   522                           	psect	text1
   523  01FE20                     __ptext1:
   524                           	callstack 0
   525  01FE20                     _UserAppRun:
   526                           	callstack 127
   527  01FE20                     
   528                           ;user_app.c: 122:     u8Index++;
   529  01FE20  2A0D               	incf	UserAppRun@u8Index^(0+1280),f,c
   530  01FE22  0012               	return		;funcret
   531  01FE24                     __end_of_UserAppRun:
   532                           	callstack 0
   533                           
   534 ;; *************** function _UserAppInitialize *****************
   535 ;; Defined at:
   536 ;;		line 94 in file "user_app.c"
   537 ;; Parameters:    Size  Location     Type
   538 ;;		None
   539 ;; Auto vars:     Size  Location     Type
   540 ;;		None
   541 ;; Return value:  Size  Location     Type
   542 ;;                  1    wreg      void 
   543 ;; Registers used:
   544 ;;		wreg, status,2
   545 ;; Tracked objects:
   546 ;;		On entry : 0/0
   547 ;;		On exit  : 0/0
   548 ;;		Unchanged: 0/0
   549 ;; Data sizes:     COMRAM   BANK5   BANK6   BANK7   BANK8   BANK9  BANK10  BANK11  BANK12  BANK13  BANK14  BANK15  BANK1
      +6  BANK17  BANK18  BANK19  BANK20  BANK21  BANK22  BANK23  BANK24  BANK25  BANK26  BANK27  BANK28  BANK29  BANK30  BANK3
      +1  BANK32  BANK33  BANK34  BANK35  BANK36  BANK37
   550 ;;      Params:         0       0       0       0       0       0       0       0       0       0       0       0       
      +0       0       0       0       0       0       0       0       0       0       0       0       0       0       0       
      +0       0       0       0       0       0       0
   551 ;;      Locals:         0       0       0       0       0       0       0       0       0       0       0       0       
      +0       0       0       0       0       0       0       0       0       0       0       0       0       0       0       
      +0       0       0       0       0       0       0
   552 ;;      Temps:          0       0       0       0       0       0       0       0       0       0       0       0       
      +0       0       0       0       0       0       0       0       0       0       0       0       0       0       0       
      +0       0       0       0       0       0       0
   553 ;;      Totals:         0       0       0       0       0       0       0       0       0       0       0       0       
      +0       0       0       0       0       0       0       0       0       0       0       0       0       0       0       
      +0       0       0       0       0       0       0
   554 ;;Total ram usage:        0 bytes
   555 ;; Hardware stack levels used:    1
   556 ;; This function calls:
   557 ;;		Nothing
   558 ;; This function is called by:
   559 ;;		_main
   560 ;; This function uses a non-reentrant model
   561 ;;
   562                           
   563                           	psect	text2
   564  01FE24                     __ptext2:
   565                           	callstack 0
   566  01FE24                     _UserAppInitialize:
   567                           	callstack 127
   568  01FE24                     
   569                           ;user_app.c: 99:     T0CON0 = 0x90;
   570  01FE24  0E90               	movlw	144
   571  01FE26  0103               	movlb	3	; () banked
   572  01FE28  6F1A               	movwf	26,b	;volatile
   573                           
   574                           ;user_app.c: 100:     T0CON1 = 0x54;
   575  01FE2A  0E54               	movlw	84
   576  01FE2C  6F1B               	movwf	27,b	;volatile
   577  01FE2E                     
   578                           ; BSR set to: 3
   579  01FE2E  0012               	return		;funcret
   580  01FE30                     __end_of_UserAppInitialize:
   581                           	callstack 0
   582                           
   583 ;; *************** function _TimeXus *****************
   584 ;; Defined at:
   585 ;;		line 139 in file "user_app.c"
   586 ;; Parameters:    Size  Location     Type
   587 ;;  u16Microseco    2    0[COMRAM] unsigned short 
   588 ;; Auto vars:     Size  Location     Type
   589 ;;		None
   590 ;; Return value:  Size  Location     Type
   591 ;;                  1    wreg      void 
   592 ;; Registers used:
   593 ;;		wreg, status,2, status,0
   594 ;; Tracked objects:
   595 ;;		On entry : 0/0
   596 ;;		On exit  : 0/0
   597 ;;		Unchanged: 0/0
   598 ;; Data sizes:     COMRAM   BANK5   BANK6   BANK7   BANK8   BANK9  BANK10  BANK11  BANK12  BANK13  BANK14  BANK15  BANK1
      +6  BANK17  BANK18  BANK19  BANK20  BANK21  BANK22  BANK23  BANK24  BANK25  BANK26  BANK27  BANK28  BANK29  BANK30  BANK3
      +1  BANK32  BANK33  BANK34  BANK35  BANK36  BANK37
   599 ;;      Params:         2       0       0       0       0       0       0       0       0       0       0       0       
      +0       0       0       0       0       0       0       0       0       0       0       0       0       0       0       
      +0       0       0       0       0       0       0
   600 ;;      Locals:         0       0       0       0       0       0       0       0       0       0       0       0       
      +0       0       0       0       0       0       0       0       0       0       0       0       0       0       0       
      +0       0       0       0       0       0       0
   601 ;;      Temps:          2       0       0       0       0       0       0       0       0       0       0       0       
      +0       0       0       0       0       0       0       0       0       0       0       0       0       0       0       
      +0       0       0       0       0       0       0
   602 ;;      Totals:         4       0       0       0       0       0       0       0       0       0       0       0       
      +0       0       0       0       0       0       0       0       0       0       0       0       0       0       0       
      +0       0       0       0       0       0       0
   603 ;;Total ram usage:        4 bytes
   604 ;; Hardware stack levels used:    1
   605 ;; This function calls:
   606 ;;		Nothing
   607 ;; This function is called by:
   608 ;;		_main
   609 ;; This function uses a non-reentrant model
   610 ;;
   611                           
   612                           	psect	text3
   613  01FE6C                     __ptext3:
   614                           	callstack 0
   615  01FE6C                     _TimeXus:
   616                           	callstack 127
   617  01FE6C                     
   618                           ;user_app.c: 139: void TimeXus ( u16 u16Microseconds );user_app.c: 140: {;user_app.c: 14
      +                          4:     T0CON0 &= 0x7f;
   619  01FE6C  0103               	movlb	3	; () banked
   620  01FE6E  9F1A               	bcf	26,7,b	;volatile
   621  01FE70                     
   622                           ; BSR set to: 3
   623                           ;user_app.c: 147:     TMR0H = (0xffff - u16Microseconds) >> 8;
   624  01FE70  1C0F               	comf	TimeXus@u16Microseconds^(0+1280),w,c
   625  01FE72  6E11               	movwf	??_TimeXus^(0+1280),c
   626  01FE74  1C10               	comf	(TimeXus@u16Microseconds+1)^(0+1280),w,c
   627  01FE76  6E12               	movwf	(??_TimeXus+1)^(0+1280),c
   628  01FE78  C512  F511         	movff	??_TimeXus+1,??_TimeXus
   629  01FE7C  6A12               	clrf	(??_TimeXus+1)^(0+1280),c
   630  01FE7E  5011               	movf	??_TimeXus^(0+1280),w,c
   631  01FE80  6F19               	movwf	25,b	;volatile
   632  01FE82                     
   633                           ; BSR set to: 3
   634                           ;user_app.c: 148:     TMR0L = ( ( 0xffff - u16Microseconds ) << 8 ) >> 8;
   635  01FE82  500F               	movf	TimeXus@u16Microseconds^(0+1280),w,c
   636  01FE84  0AFF               	xorlw	255
   637  01FE86  6F18               	movwf	24,b	;volatile
   638                           
   639                           ;user_app.c: 151:     PIR3 &= 0x7f;
   640  01FE88  9EB1               	bcf	177,7,c	;volatile
   641                           
   642                           ;user_app.c: 152:     T0CON0 |= 0x80;
   643  01FE8A  8F1A               	bsf	26,7,b	;volatile
   644  01FE8C                     
   645                           ; BSR set to: 3
   646  01FE8C  0012               	return		;funcret
   647  01FE8E                     __end_of_TimeXus:
   648                           	callstack 0
   649                           
   650 ;; *************** function _SysTickSetup *****************
   651 ;; Defined at:
   652 ;;		line 114 in file "encm369_pic18.c"
   653 ;; Parameters:    Size  Location     Type
   654 ;;		None
   655 ;; Auto vars:     Size  Location     Type
   656 ;;		None
   657 ;; Return value:  Size  Location     Type
   658 ;;                  1    wreg      void 
   659 ;; Registers used:
   660 ;;		wreg, status,2
   661 ;; Tracked objects:
   662 ;;		On entry : 0/0
   663 ;;		On exit  : 0/0
   664 ;;		Unchanged: 0/0
   665 ;; Data sizes:     COMRAM   BANK5   BANK6   BANK7   BANK8   BANK9  BANK10  BANK11  BANK12  BANK13  BANK14  BANK15  BANK1
      +6  BANK17  BANK18  BANK19  BANK20  BANK21  BANK22  BANK23  BANK24  BANK25  BANK26  BANK27  BANK28  BANK29  BANK30  BANK3
      +1  BANK32  BANK33  BANK34  BANK35  BANK36  BANK37
   666 ;;      Params:         0       0       0       0       0       0       0       0       0       0       0       0       
      +0       0       0       0       0       0       0       0       0       0       0       0       0       0       0       
      +0       0       0       0       0       0       0
   667 ;;      Locals:         0       0       0       0       0       0       0       0       0       0       0       0       
      +0       0       0       0       0       0       0       0       0       0       0       0       0       0       0       
      +0       0       0       0       0       0       0
   668 ;;      Temps:          0       0       0       0       0       0       0       0       0       0       0       0       
      +0       0       0       0       0       0       0       0       0       0       0       0       0       0       0       
      +0       0       0       0       0       0       0
   669 ;;      Totals:         0       0       0       0       0       0       0       0       0       0       0       0       
      +0       0       0       0       0       0       0       0       0       0       0       0       0       0       0       
      +0       0       0       0       0       0       0
   670 ;;Total ram usage:        0 bytes
   671 ;; Hardware stack levels used:    1
   672 ;; This function calls:
   673 ;;		Nothing
   674 ;; This function is called by:
   675 ;;		_main
   676 ;; This function uses a non-reentrant model
   677 ;;
   678                           
   679                           	psect	text4
   680  01FE4A                     __ptext4:
   681                           	callstack 0
   682  01FE4A                     _SysTickSetup:
   683                           	callstack 127
   684  01FE4A                     
   685                           ;encm369_pic18.c: 116:   G_u32SystemTime1ms = 0;
   686  01FE4A  0E00               	movlw	0
   687  01FE4C  6E09               	movwf	_G_u32SystemTime1ms^(0+1280),c	;volatile
   688  01FE4E  0E00               	movlw	0
   689  01FE50  6E0A               	movwf	(_G_u32SystemTime1ms+1)^(0+1280),c	;volatile
   690  01FE52  0E00               	movlw	0
   691  01FE54  6E0B               	movwf	(_G_u32SystemTime1ms+2)^(0+1280),c	;volatile
   692  01FE56  0E00               	movlw	0
   693  01FE58  6E0C               	movwf	(_G_u32SystemTime1ms+3)^(0+1280),c	;volatile
   694                           
   695                           ;encm369_pic18.c: 117:   G_u32SystemTime1s = 0;
   696  01FE5A  0E00               	movlw	0
   697  01FE5C  6E05               	movwf	_G_u32SystemTime1s^(0+1280),c	;volatile
   698  01FE5E  0E00               	movlw	0
   699  01FE60  6E06               	movwf	(_G_u32SystemTime1s+1)^(0+1280),c	;volatile
   700  01FE62  0E00               	movlw	0
   701  01FE64  6E07               	movwf	(_G_u32SystemTime1s+2)^(0+1280),c	;volatile
   702  01FE66  0E00               	movlw	0
   703  01FE68  6E08               	movwf	(_G_u32SystemTime1s+3)^(0+1280),c	;volatile
   704  01FE6A  0012               	return		;funcret
   705  01FE6C                     __end_of_SysTickSetup:
   706                           	callstack 0
   707                           
   708 ;; *************** function _GpioSetup *****************
   709 ;; Defined at:
   710 ;;		line 89 in file "encm369_pic18.c"
   711 ;; Parameters:    Size  Location     Type
   712 ;;		None
   713 ;; Auto vars:     Size  Location     Type
   714 ;;		None
   715 ;; Return value:  Size  Location     Type
   716 ;;                  1    wreg      void 
   717 ;; Registers used:
   718 ;;		wreg, status,2
   719 ;; Tracked objects:
   720 ;;		On entry : 0/0
   721 ;;		On exit  : 0/0
   722 ;;		Unchanged: 0/0
   723 ;; Data sizes:     COMRAM   BANK5   BANK6   BANK7   BANK8   BANK9  BANK10  BANK11  BANK12  BANK13  BANK14  BANK15  BANK1
      +6  BANK17  BANK18  BANK19  BANK20  BANK21  BANK22  BANK23  BANK24  BANK25  BANK26  BANK27  BANK28  BANK29  BANK30  BANK3
      +1  BANK32  BANK33  BANK34  BANK35  BANK36  BANK37
   724 ;;      Params:         0       0       0       0       0       0       0       0       0       0       0       0       
      +0       0       0       0       0       0       0       0       0       0       0       0       0       0       0       
      +0       0       0       0       0       0       0
   725 ;;      Locals:         0       0       0       0       0       0       0       0       0       0       0       0       
      +0       0       0       0       0       0       0       0       0       0       0       0       0       0       0       
      +0       0       0       0       0       0       0
   726 ;;      Temps:          0       0       0       0       0       0       0       0       0       0       0       0       
      +0       0       0       0       0       0       0       0       0       0       0       0       0       0       0       
      +0       0       0       0       0       0       0
   727 ;;      Totals:         0       0       0       0       0       0       0       0       0       0       0       0       
      +0       0       0       0       0       0       0       0       0       0       0       0       0       0       0       
      +0       0       0       0       0       0       0
   728 ;;Total ram usage:        0 bytes
   729 ;; Hardware stack levels used:    1
   730 ;; This function calls:
   731 ;;		Nothing
   732 ;; This function is called by:
   733 ;;		_main
   734 ;; This function uses a non-reentrant model
   735 ;;
   736                           
   737                           	psect	text5
   738  01FE30                     __ptext5:
   739                           	callstack 0
   740  01FE30                     _GpioSetup:
   741                           	callstack 127
   742  01FE30                     
   743                           ;encm369_pic18.c: 92:     TRISA =0x00;
   744  01FE30  0E00               	movlw	0
   745  01FE32  6EC6               	movwf	198,c	;volatile
   746                           
   747                           ;encm369_pic18.c: 93:     ANSELA =0x00;
   748  01FE34  0E00               	movlw	0
   749  01FE36  0104               	movlb	4	; () banked
   750  01FE38  6F00               	movwf	0,b	;volatile
   751                           
   752                           ;encm369_pic18.c: 94:     LATA =0xc0;
   753  01FE3A  0EC0               	movlw	192
   754  01FE3C  6EBE               	movwf	190,c	;volatile
   755                           
   756                           ;encm369_pic18.c: 97:     DAC1CON =0b10100000;
   757  01FE3E  0EA0               	movlw	160
   758  01FE40  0100               	movlb	0	; () banked
   759  01FE42  6F7F               	movwf	127,b	;volatile
   760                           
   761                           ;encm369_pic18.c: 98:     DAC1DATL =0x00;
   762  01FE44  0E00               	movlw	0
   763  01FE46  6F7D               	movwf	125,b	;volatile
   764  01FE48                     
   765                           ; BSR set to: 0
   766  01FE48  0012               	return		;funcret
   767  01FE4A                     __end_of_GpioSetup:
   768                           	callstack 0
   769                           
   770 ;; *************** function _ClockSetup *****************
   771 ;; Defined at:
   772 ;;		line 70 in file "encm369_pic18.c"
   773 ;; Parameters:    Size  Location     Type
   774 ;;		None
   775 ;; Auto vars:     Size  Location     Type
   776 ;;		None
   777 ;; Return value:  Size  Location     Type
   778 ;;                  1    wreg      void 
   779 ;; Registers used:
   780 ;;		None
   781 ;; Tracked objects:
   782 ;;		On entry : 0/0
   783 ;;		On exit  : 0/0
   784 ;;		Unchanged: 0/0
   785 ;; Data sizes:     COMRAM   BANK5   BANK6   BANK7   BANK8   BANK9  BANK10  BANK11  BANK12  BANK13  BANK14  BANK15  BANK1
      +6  BANK17  BANK18  BANK19  BANK20  BANK21  BANK22  BANK23  BANK24  BANK25  BANK26  BANK27  BANK28  BANK29  BANK30  BANK3
      +1  BANK32  BANK33  BANK34  BANK35  BANK36  BANK37
   786 ;;      Params:         0       0       0       0       0       0       0       0       0       0       0       0       
      +0       0       0       0       0       0       0       0       0       0       0       0       0       0       0       
      +0       0       0       0       0       0       0
   787 ;;      Locals:         0       0       0       0       0       0       0       0       0       0       0       0       
      +0       0       0       0       0       0       0       0       0       0       0       0       0       0       0       
      +0       0       0       0       0       0       0
   788 ;;      Temps:          0       0       0       0       0       0       0       0       0       0       0       0       
      +0       0       0       0       0       0       0       0       0       0       0       0       0       0       0       
      +0       0       0       0       0       0       0
   789 ;;      Totals:         0       0       0       0       0       0       0       0       0       0       0       0       
      +0       0       0       0       0       0       0       0       0       0       0       0       0       0       0       
      +0       0       0       0       0       0       0
   790 ;;Total ram usage:        0 bytes
   791 ;; Hardware stack levels used:    1
   792 ;; This function calls:
   793 ;;		Nothing
   794 ;; This function is called by:
   795 ;;		_main
   796 ;; This function uses a non-reentrant model
   797 ;;
   798                           
   799                           	psect	text6
   800  01FE1E                     __ptext6:
   801                           	callstack 0
   802  01FE1E                     _ClockSetup:
   803                           	callstack 127
   804  01FE1E  0012               	return		;funcret
   805  01FE20                     __end_of_ClockSetup:
   806                           	callstack 0
   807  0000                     
   808                           	psect	rparam
   809  0000                     
   810                           	psect	idloc
   811                           
   812                           ;Config register IDLOC0 @ 0x200000
   813                           ;	unspecified, using default values
   814  200000                     	org	2097152
   815  200000  0FFF               	dw	4095
   816                           
   817                           ;Config register IDLOC1 @ 0x200002
   818                           ;	unspecified, using default values
   819  200002                     	org	2097154
   820  200002  0FFF               	dw	4095
   821                           
   822                           ;Config register IDLOC2 @ 0x200004
   823                           ;	unspecified, using default values
   824  200004                     	org	2097156
   825  200004  0FFF               	dw	4095
   826                           
   827                           ;Config register IDLOC3 @ 0x200006
   828                           ;	unspecified, using default values
   829  200006                     	org	2097158
   830  200006  0FFF               	dw	4095
   831                           
   832                           ;Config register IDLOC4 @ 0x200008
   833                           ;	unspecified, using default values
   834  200008                     	org	2097160
   835  200008  0FFF               	dw	4095
   836                           
   837                           ;Config register IDLOC5 @ 0x20000A
   838                           ;	unspecified, using default values
   839  20000A                     	org	2097162
   840  20000A  0FFF               	dw	4095
   841                           
   842                           ;Config register IDLOC6 @ 0x20000C
   843                           ;	unspecified, using default values
   844  20000C                     	org	2097164
   845  20000C  0FFF               	dw	4095
   846                           
   847                           ;Config register IDLOC7 @ 0x20000E
   848                           ;	unspecified, using default values
   849  20000E                     	org	2097166
   850  20000E  0FFF               	dw	4095
   851                           
   852                           ;Config register IDLOC8 @ 0x200010
   853                           ;	unspecified, using default values
   854  200010                     	org	2097168
   855  200010  0FFF               	dw	4095
   856                           
   857                           ;Config register IDLOC9 @ 0x200012
   858                           ;	unspecified, using default values
   859  200012                     	org	2097170
   860  200012  0FFF               	dw	4095
   861                           
   862                           ;Config register IDLOC10 @ 0x200014
   863                           ;	unspecified, using default values
   864  200014                     	org	2097172
   865  200014  0FFF               	dw	4095
   866                           
   867                           ;Config register IDLOC11 @ 0x200016
   868                           ;	unspecified, using default values
   869  200016                     	org	2097174
   870  200016  0FFF               	dw	4095
   871                           
   872                           ;Config register IDLOC12 @ 0x200018
   873                           ;	unspecified, using default values
   874  200018                     	org	2097176
   875  200018  0FFF               	dw	4095
   876                           
   877                           ;Config register IDLOC13 @ 0x20001A
   878                           ;	unspecified, using default values
   879  20001A                     	org	2097178
   880  20001A  0FFF               	dw	4095
   881                           
   882                           ;Config register IDLOC14 @ 0x20001C
   883                           ;	unspecified, using default values
   884  20001C                     	org	2097180
   885  20001C  0FFF               	dw	4095
   886                           
   887                           ;Config register IDLOC15 @ 0x20001E
   888                           ;	unspecified, using default values
   889  20001E                     	org	2097182
   890  20001E  0FFF               	dw	4095
   891                           
   892                           	psect	config
   893                           
   894                           ;Config register CONFIG1 @ 0x300000
   895                           ;	External Oscillator Selection
   896                           ;	FEXTOSC = OFF, Oscillator not enabled
   897                           ;	Reset Oscillator Selection
   898                           ;	RSTOSC = HFINTOSC_64MHZ, HFINTOSC with HFFRQ = 64 MHz and CDIV = 1:1
   899  300000                     	org	3145728
   900  300000  8C                 	db	140
   901                           
   902                           ;Config register CONFIG2 @ 0x300001
   903                           ;	Clock out Enable bit
   904                           ;	CLKOUTEN = ON, CLKOUT function is enabled
   905                           ;	PRLOCKED One-Way Set Enable bit
   906                           ;	PR1WAY = ON, PRLOCKED bit can be cleared and set only once
   907                           ;	Clock Switch Enable bit
   908                           ;	CSWEN = ON, Writing to NOSC and NDIV is allowed
   909                           ;	Fail-Safe Clock Monitor Enable bit
   910                           ;	FCMEN = ON, Fail-Safe Clock Monitor enabled
   911  300001                     	org	3145729
   912  300001  FE                 	db	254
   913                           
   914                           ;Config register CONFIG3 @ 0x300002
   915                           ;	MCLR Enable bit
   916                           ;	MCLRE = EXTMCLR, If LVP = 0, MCLR pin is MCLR; If LVP = 1, RE3 pin function is MCLR
   917                           ;	Power-up timer selection bits
   918                           ;	PWRTS = PWRT_OFF, PWRT is disabled
   919                           ;	Multi-vector enable bit
   920                           ;	MVECEN = ON, Multi-vector enabled, Vector table used for interrupts
   921                           ;	IVTLOCK bit One-way set enable bit
   922                           ;	IVT1WAY = ON, IVTLOCKED bit can be cleared and set only once
   923                           ;	Low Power BOR Enable bit
   924                           ;	LPBOREN = OFF, Low-Power BOR disabled
   925                           ;	Brown-out Reset Enable bits
   926                           ;	BOREN = SBORDIS, Brown-out Reset enabled , SBOREN bit is ignored
   927  300002                     	org	3145730
   928  300002  FF                 	db	255
   929                           
   930                           ;Config register CONFIG4 @ 0x300003
   931                           ;	Brown-out Reset Voltage Selection bits
   932                           ;	BORV = VBOR_2P85, Brown-out Reset Voltage (VBOR) set to 2.8V
   933                           ;	ZCD Disable bit
   934                           ;	ZCD = OFF, ZCD module is disabled. ZCD can be enabled by setting the ZCDSEN bit of ZCD
      +                          CON
   935                           ;	PPSLOCK bit One-Way Set Enable bit
   936                           ;	PPS1WAY = ON, PPSLOCKED bit can be cleared and set only once; PPS registers remain loc
      +                          ked after one clear/set cycle
   937                           ;	Stack Full/Underflow Reset Enable bit
   938                           ;	STVREN = ON, Stack full/underflow will cause Reset
   939                           ;	Low Voltage Programming Enable bit
   940                           ;	LVP = ON, Low voltage programming enabled. MCLR/VPP pin function is MCLR. MCLRE config
      +                          uration bit is ignored
   941                           ;	Extended Instruction Set Enable bit
   942                           ;	XINST = OFF, Extended Instruction Set and Indexed Addressing Mode disabled
   943  300003                     	org	3145731
   944  300003  FC                 	db	252
   945                           
   946                           ;Config register CONFIG5 @ 0x300004
   947                           ;	WDT Period selection bits
   948                           ;	WDTCPS = WDTCPS_31, Divider ratio 1:65536; software control of WDTPS
   949                           ;	WDT operating mode
   950                           ;	WDTE = OFF, WDT Disabled; SWDTEN is ignored
   951  300004                     	org	3145732
   952  300004  9F                 	db	159
   953                           
   954                           ;Config register CONFIG6 @ 0x300005
   955                           ;	WDT Window Select bits
   956                           ;	WDTCWS = WDTCWS_7, window always open (100%); software control; keyed access not requi
      +                          red
   957                           ;	WDT input clock selector
   958                           ;	WDTCCS = SC, Software Control
   959  300005                     	org	3145733
   960  300005  FF                 	db	255
   961                           
   962                           ;Config register CONFIG7 @ 0x300006
   963                           ;	Boot Block Size selection bits
   964                           ;	BBSIZE = BBSIZE_512, Boot Block size is 512 words
   965                           ;	Boot Block enable bit
   966                           ;	BBEN = OFF, Boot block disabled
   967                           ;	Storage Area Flash enable bit
   968                           ;	SAFEN = OFF, SAF disabled
   969                           ;	Background Debugger
   970                           ;	DEBUG = OFF, Background Debugger disabled
   971  300006                     	org	3145734
   972  300006  FF                 	db	255
   973                           
   974                           ;Config register CONFIG8 @ 0x300007
   975                           ;	Boot Block Write Protection bit
   976                           ;	WRTB = OFF, Boot Block not Write protected
   977                           ;	Configuration Register Write Protection bit
   978                           ;	WRTC = OFF, Configuration registers not Write protected
   979                           ;	Data EEPROM Write Protection bit
   980                           ;	WRTD = OFF, Data EEPROM not Write protected
   981                           ;	SAF Write protection bit
   982                           ;	WRTSAF = OFF, SAF not Write Protected
   983                           ;	Application Block write protection bit
   984                           ;	WRTAPP = OFF, Application Block not write protected
   985  300007                     	org	3145735
   986  300007  FF                 	db	255
   987                           
   988                           ; Padding undefined space
   989  300008                     	org	3145736
   990  300008  FF                 	db	255
   991                           
   992                           ;Config register CONFIG10 @ 0x300009
   993                           ;	PFM and Data EEPROM Code Protection bit
   994                           ;	CP = OFF, PFM and Data EEPROM code protection disabled
   995  300009                     	org	3145737
   996  300009  FF                 	db	255
   997                           tosu	equ	0x4FF
   998                           tosh	equ	0x4FE
   999                           tosl	equ	0x4FD
  1000                           stkptr	equ	0x4FC
  1001                           pclatu	equ	0x4FB
  1002                           pclath	equ	0x4FA
  1003                           pcl	equ	0x4F9
  1004                           tblptru	equ	0x4F8
  1005                           tblptrh	equ	0x4F7
  1006                           tblptrl	equ	0x4F6
  1007                           tablat	equ	0x4F5
  1008                           prodh	equ	0x4F4
  1009                           prodl	equ	0x4F3
  1010                           indf0	equ	0x4EF
  1011                           postinc0	equ	0x4EE
  1012                           postdec0	equ	0x4ED
  1013                           preinc0	equ	0x4EC
  1014                           plusw0	equ	0x4EB
  1015                           fsr0h	equ	0x4EA
  1016                           fsr0l	equ	0x4E9
  1017                           wreg	equ	0x4E8
  1018                           indf1	equ	0x4E7
  1019                           postinc1	equ	0x4E6
  1020                           postdec1	equ	0x4E5
  1021                           preinc1	equ	0x4E4
  1022                           plusw1	equ	0x4E3
  1023                           fsr1h	equ	0x4E2
  1024                           fsr1l	equ	0x4E1
  1025                           bsr	equ	0x4E0
  1026                           indf2	equ	0x4DF
  1027                           postinc2	equ	0x4DE
  1028                           postdec2	equ	0x4DD
  1029                           preinc2	equ	0x4DC
  1030                           plusw2	equ	0x4DB
  1031                           fsr2h	equ	0x4DA
  1032                           fsr2l	equ	0x4D9
  1033                           status	equ	0x4D8

Data Sizes:
    Strings     0
    Constant    0
    Data        256
    BSS         14
    Persistent  0
    Stack       0

Auto Spaces:
    Space          Size  Autos    Used
    COMRAM           95      4      18
    BANK5           160      0       0
    BANK6           256      0     256
    BANK7           256      0       0
    BANK8           256      0       0
    BANK9           256      0       0
    BANK10          256      0       0
    BANK11          256      0       0
    BANK12          256      0       0
    BANK13          256      0       0
    BANK14          256      0       0
    BANK15          256      0       0
    BANK16          256      0       0
    BANK17          256      0       0
    BANK18          256      0       0
    BANK19          256      0       0
    BANK20          256      0       0
    BANK21          256      0       0
    BANK22          256      0       0
    BANK23          256      0       0
    BANK24          256      0       0
    BANK25          256      0       0
    BANK26          256      0       0
    BANK27          256      0       0
    BANK28          256      0       0
    BANK29          256      0       0
    BANK30          256      0       0
    BANK31          256      0       0
    BANK32          256      0       0
    BANK33          256      0       0
    BANK34          256      0       0
    BANK35          256      0       0
    BANK36          256      0       0
    BANK37          256      0       0

Pointer List with Targets:

    None.

Critical Paths under _main in COMRAM

    _main->_TimeXus

Critical Paths under _main in BANK5

    None.

Critical Paths under _main in BANK6

    None.

Critical Paths under _main in BANK7

    None.

Critical Paths under _main in BANK8

    None.

Critical Paths under _main in BANK9

    None.

Critical Paths under _main in BANK10

    None.

Critical Paths under _main in BANK11

    None.

Critical Paths under _main in BANK12

    None.

Critical Paths under _main in BANK13

    None.

Critical Paths under _main in BANK14

    None.

Critical Paths under _main in BANK15

    None.

Critical Paths under _main in BANK16

    None.

Critical Paths under _main in BANK17

    None.

Critical Paths under _main in BANK18

    None.

Critical Paths under _main in BANK19

    None.

Critical Paths under _main in BANK20

    None.

Critical Paths under _main in BANK21

    None.

Critical Paths under _main in BANK22

    None.

Critical Paths under _main in BANK23

    None.

Critical Paths under _main in BANK24

    None.

Critical Paths under _main in BANK25

    None.

Critical Paths under _main in BANK26

    None.

Critical Paths under _main in BANK27

    None.

Critical Paths under _main in BANK28

    None.

Critical Paths under _main in BANK29

    None.

Critical Paths under _main in BANK30

    None.

Critical Paths under _main in BANK31

    None.

Critical Paths under _main in BANK32

    None.

Critical Paths under _main in BANK33

    None.

Critical Paths under _main in BANK34

    None.

Critical Paths under _main in BANK35

    None.

Critical Paths under _main in BANK36

    None.

Critical Paths under _main in BANK37

    None.

Call Graph Tables:

 ---------------------------------------------------------------------------------
 (Depth) Function   	        Calls       Base Space   Used Autos Params    Refs
 ---------------------------------------------------------------------------------
 (0) _main                                                 0     0      0     120
                         _ClockSetup
                          _GpioSetup
                       _SysTickSetup
                            _TimeXus
                  _UserAppInitialize
                         _UserAppRun
 ---------------------------------------------------------------------------------
 (1) _UserAppRun                                           0     0      0       0
 ---------------------------------------------------------------------------------
 (1) _UserAppInitialize                                    0     0      0       0
 ---------------------------------------------------------------------------------
 (1) _TimeXus                                              4     2      2     120
                                              0 COMRAM     4     2      2
 ---------------------------------------------------------------------------------
 (1) _SysTickSetup                                         0     0      0       0
 ---------------------------------------------------------------------------------
 (1) _GpioSetup                                            0     0      0       0
 ---------------------------------------------------------------------------------
 (1) _ClockSetup                                           0     0      0       0
 ---------------------------------------------------------------------------------
 Estimated maximum stack depth 1
 ---------------------------------------------------------------------------------

 Call Graph Graphs:

 _main (ROOT)
   _ClockSetup
   _GpioSetup
   _SysTickSetup
   _TimeXus
   _UserAppInitialize
   _UserAppRun

 Address spaces:
Name               Size   Autos  Total    Cost      Usage
BIGRAM            20FF      0       0      71        0.0%
EEDATA             400      0       0       0        0.0%
BITBANK37          100      0       0      70        0.0%
BANK37             100      0       0      68        0.0%
BITBANK36          100      0       0      66        0.0%
BANK36             100      0       0      67        0.0%
BITBANK35          100      0       0      64        0.0%
BANK35             100      0       0      65        0.0%
BITBANK34          100      0       0      62        0.0%
BANK34             100      0       0      63        0.0%
BITBANK33          100      0       0      60        0.0%
BANK33             100      0       0      61        0.0%
BITBANK32          100      0       0      58        0.0%
BANK32             100      0       0      59        0.0%
BITBANK31          100      0       0      56        0.0%
BANK31             100      0       0      57        0.0%
BITBANK30          100      0       0      54        0.0%
BANK30             100      0       0      55        0.0%
BITBANK29          100      0       0      52        0.0%
BANK29             100      0       0      53        0.0%
BITBANK28          100      0       0      50        0.0%
BANK28             100      0       0      51        0.0%
BITBANK27          100      0       0      48        0.0%
BANK27             100      0       0      49        0.0%
BITBANK26          100      0       0      46        0.0%
BANK26             100      0       0      47        0.0%
BITBANK25          100      0       0      44        0.0%
BANK25             100      0       0      45        0.0%
BITBANK24          100      0       0      42        0.0%
BANK24             100      0       0      43        0.0%
BITBANK23          100      0       0      40        0.0%
BANK23             100      0       0      41        0.0%
BITBANK22          100      0       0      38        0.0%
BANK22             100      0       0      39        0.0%
BITBANK21          100      0       0      36        0.0%
BANK21             100      0       0      37        0.0%
BITBANK20          100      0       0      34        0.0%
BANK20             100      0       0      35        0.0%
BITBANK19          100      0       0      32        0.0%
BANK19             100      0       0      33        0.0%
BITBANK18          100      0       0      30        0.0%
BANK18             100      0       0      31        0.0%
BITBANK17          100      0       0      28        0.0%
BANK17             100      0       0      29        0.0%
BITBANK16          100      0       0      26        0.0%
BANK16             100      0       0      27        0.0%
BITBANK15          100      0       0      24        0.0%
BANK15             100      0       0      25        0.0%
BITBANK14          100      0       0      22        0.0%
BANK14             100      0       0      23        0.0%
BITBANK13          100      0       0      20        0.0%
BANK13             100      0       0      21        0.0%
BITBANK12          100      0       0      18        0.0%
BANK12             100      0       0      19        0.0%
BITBANK11          100      0       0      16        0.0%
BANK11             100      0       0      17        0.0%
BITBANK10          100      0       0      14        0.0%
BANK10             100      0       0      15        0.0%
BITBANK9           100      0       0      12        0.0%
BANK9              100      0       0      13        0.0%
BITBANK8           100      0       0      10        0.0%
BANK8              100      0       0      11        0.0%
BITBANK7           100      0       0       8        0.0%
BANK7              100      0       0       9        0.0%
BITBANK6           100      0       0       6        0.0%
BANK6              100      0     100       7      100.0%
BITBANK5            A0      0       0       4        0.0%
BANK5               A0      0       0       5        0.0%
BITCOMRAM           5F      0       0       0        0.0%
COMRAM              5F      4      12       1       18.9%
BITSFR_5             0      0       0     200        0.0%
SFR_5                0      0       0     200        0.0%
BITSFR_4             0      0       0     200        0.0%
SFR_4                0      0       0     200        0.0%
BITSFR_3             0      0       0     200        0.0%
SFR_3                0      0       0     200        0.0%
BITSFR_2             0      0       0     200        0.0%
SFR_2                0      0       0     200        0.0%
BITSFR_1             0      0       0     200        0.0%
SFR_1                0      0       0     200        0.0%
BITSFR               0      0       0     200        0.0%
SFR                  0      0       0     200        0.0%
STACK                0      0       0       2        0.0%
NULL                 0      0       0       0        0.0%
ABS                  0      0     112      69        0.0%
DATA                 0      0     112       3        0.0%
CODE                 0      0       0       0        0.0%


Microchip Technology PIC18 Macro Assembler V2.31 build 20201012212115 
Symbol Table                                                                                   Wed Mar 31 05:55:58 2021

     __size_of_SysTickSetup 0022                          l20 FE48                          l23 FE6A  
                        l17 FE1E                          l52 FEE6                          l82 FE8C  
                        l74 FE2E                          l79 FE22                          u20 FEF4  
                        u21 FEF0                         l800 FECE                         l802 FED2  
                       l804 FED6                         l806 FEDA                         l762 FE24  
                       l764 FE20                         l758 FE30                         l790 FE70  
                       l792 FE82                         l786 FE4A                         l794 FEC4  
                       l788 FE6C                         l796 FEC6                         l798 FECA  
                       wreg 0004E8                        _LATA 0004BE                        _PIR3 0004B1  
                      _main FEC4                _SysTickSetup FE4A                        fsr1h 0004E2  
                      fsr1l 0004E1                        start FFFC                ___param_bank 000000  
                _ClockSetup FE1E             __end_of_TimeXus FE8E                       ?_main 050F  
                     _TMR0H 000319                       _TMR0L 000318                       _TRISA 0004C6  
                     tablat 0004F5             __initialization FE8E                __end_of_main FEFC  
                    ??_main 0513               __activetblptr 000000                      _ANSELA 000400  
                    _T0CON0 00031A                      _T0CON1 00031B          __size_of_GpioSetup 001A  
                 ??_TimeXus 0511                 ?_ClockSetup 050F                      clear_0 FEB8  
                    tblptrh 0004F7                      tblptrl 0004F6                      tblptru 0004F8  
                _UserAppRun FE20                  __accesstop 0560     __end_of__initialization FEBE  
             ___rparam_used 000001            _G_u8UserAppFlags 050E              __pcstackCOMRAM 050F  
              __pidataBANK6 FEFC      TimeXus@u16Microseconds 050F           __end_of_GpioSetup FE4A  
       __size_of_ClockSetup 0002                     _DAC1CON 00007F                 ?_UserAppRun 050F  
                   __Hparam 0000                     __Lparam 0000                     _TimeXus FE6C  
                   __pcinit FE8E                     __ramtop 2600                     __ptext0 FEC4  
                   __ptext1 FE20                     __ptext2 FE24                     __ptext3 FE6C  
                   __ptext4 FE4A                     __ptext5 FE30                     __ptext6 FE1E  
      end_of_initialization FEBE            _G_u32SystemFlags 0501                     postdec1 0004E5  
                   postinc0 0004EE                ??_ClockSetup 050F         __size_of_UserAppRun 0004  
        __end_of_ClockSetup FE20                   _GpioSetup FE30         start_initialization FE8E  
             ?_SysTickSetup 050F                 __pdataBANK6 0600                  ?_GpioSetup 050F  
               __pbssCOMRAM 0501           _UserAppInitialize FE24                ??_UserAppRun 050F  
        ?_UserAppInitialize 050F              ??_SysTickSetup 050F         ??_UserAppInitialize 050F  
                  ?_TimeXus 050F          __end_of_UserAppRun FE24                    _DAC1DATL 00007D  
 __end_of_UserAppInitialize FE30           UserAppRun@u8Index 050D                 ??_GpioSetup 050F  
                 copy_data0 FEA2                    __Hrparam 0000                    __Lrparam 0000  
          __size_of_TimeXus 0022        __end_of_SysTickSetup FE6C  __size_of_UserAppInitialize 000C  
             __size_of_main 0038          _G_u32SystemTime1ms 0509           _G_u32SystemTime1s 0505  
       _UserApp_au8sinTable 0600  
